/home/mario/Desktop/arrow/cpp/src/arrow/util/iterator.h
/home/mario/Desktop/arrow/cpp/src/parquet/schema.h
/home/mario/Desktop/arrow/cpp/src/arrow/array/builder_time.h
/home/mario/Desktop/arrow/cpp/src/parquet/level_conversion.h
/home/mario/Desktop/arrow/cpp/src/arrow/array/array_dict.h
/home/mario/Desktop/arrow/cpp/boost_ep-prefix/src/boost_ep/boost/mpl/aux_/adl_barrier.hpp
/home/mario/Desktop/arrow/cpp/boost_ep-prefix/src/boost_ep/boost/type_traits/is_rvalue_reference.hpp
/home/mario/Desktop/arrow/cpp/src/arrow/vendored/optional.hpp
/home/mario/Desktop/arrow/cpp/src/arrow/table.h
/home/mario/Desktop/arrow/cpp/boost_ep-prefix/src/boost_ep/boost/mpl/aux_/config/gcc.hpp
/home/mario/Desktop/arrow/cpp/src/parquet/level_conversion.cc
/home/mario/Desktop/arrow/cpp/thrift_ep-install/include/thrift/thrift-config.h
/home/mario/Desktop/arrow/cpp/src/parquet/internal_file_encryptor.h
/home/mario/Desktop/arrow/cpp/src/arrow/io/file.h
/home/mario/Desktop/arrow/cpp/src/arrow/compute/kernel.h
/home/mario/Desktop/arrow/cpp/src/arrow/util/decimal.h
/home/mario/Desktop/arrow/cpp/src/arrow/type_fwd.h
/home/mario/Desktop/arrow/cpp/src/arrow/buffer.h
/home/mario/Desktop/arrow/cpp/boost_ep-prefix/src/boost_ep/boost/numeric/conversion/conversion_traits.hpp
/home/mario/Desktop/arrow/cpp/boost_ep-prefix/src/boost_ep/boost/preprocessor/stringize.hpp
/home/mario/Desktop/arrow/cpp/src/arrow/array/builder_adaptive.h
/home/mario/Desktop/arrow/cpp/boost_ep-prefix/src/boost_ep/boost/mpl/aux_/static_cast.hpp
/home/mario/Desktop/arrow/cpp/boost_ep-prefix/src/boost_ep/boost/mpl/aux_/config/nttp.hpp
/home/mario/Desktop/arrow/cpp/boost_ep-prefix/src/boost_ep/boost/mpl/aux_/config/dtp.hpp
/home/mario/Desktop/arrow/cpp/boost_ep-prefix/src/boost_ep/boost/mpl/aux_/msvc_eti_base.hpp
/home/mario/Desktop/arrow/cpp/boost_ep-prefix/src/boost_ep/boost/type_traits/add_reference.hpp
/home/mario/Desktop/arrow/cpp/boost_ep-prefix/src/boost_ep/boost/mpl/aux_/preprocessed/gcc/apply_wrap.hpp
/home/mario/Desktop/arrow/cpp/src/parquet/parquet_version.h
/home/mario/Desktop/arrow/cpp/src/arrow/util/io_util.h
/home/mario/Desktop/arrow/cpp/src/parquet/column_writer.cc
/home/mario/Desktop/arrow/cpp/src/arrow/vendored/variant.hpp
/home/mario/Desktop/arrow/cpp/boost_ep-prefix/src/boost_ep/boost/preprocessor/facilities/empty.hpp
/home/mario/Desktop/arrow/cpp/boost_ep-prefix/src/boost_ep/boost/mpl/identity.hpp
/home/mario/Desktop/arrow/cpp/src/arrow/vendored/string_view.hpp
/home/mario/Desktop/arrow/cpp/src/arrow/array/diff.h
/home/mario/Desktop/arrow/cpp/src/arrow/array/builder_primitive.cc
/home/mario/Desktop/arrow/cpp/boost_ep-prefix/src/boost_ep/boost/mpl/numeric_cast.hpp
/home/mario/Desktop/arrow/cpp/src/arrow/extension_type.h
/home/mario/Desktop/arrow/cpp/src/arrow/util/bpacking.h
/home/mario/Desktop/arrow/cpp/src/parquet/column_reader.h
/home/mario/Desktop/arrow/cpp/src/arrow/array/builder_base.cc
/home/mario/Desktop/arrow/cpp/thrift_ep-install/include/thrift/TLogging.h
/home/mario/Desktop/arrow/cpp/boost_ep-prefix/src/boost_ep/boost/numeric/conversion/numeric_cast_traits.hpp
/home/mario/Desktop/arrow/cpp/src/arrow/util/compression_internal.h
/home/mario/Desktop/arrow/cpp/boost_ep-prefix/src/boost_ep/boost/preprocessor/facilities/identity.hpp
/home/mario/Desktop/arrow/cpp/boost_ep-prefix/src/boost_ep/boost/config/detail/posix_features.hpp
/home/mario/Desktop/arrow/cpp/boost_ep-prefix/src/boost_ep/boost/config/detail/select_stdlib_config.hpp
/home/mario/Desktop/arrow/cpp/boost_ep-prefix/src/boost_ep/boost/numeric/conversion/converter.hpp
/home/mario/Desktop/arrow/cpp/boost_ep-prefix/src/boost_ep/boost/preprocessor/inc.hpp
/home/mario/Desktop/arrow/cpp/src/arrow/util/thread_pool.cc
/home/mario/Desktop/arrow/cpp/src/arrow/compute/type_fwd.h
/home/mario/Desktop/arrow/cpp/boost_ep-prefix/src/boost_ep/boost/mpl/aux_/lambda_support.hpp
/home/mario/Desktop/arrow/cpp/boost_ep-prefix/src/boost_ep/boost/type_traits/is_lvalue_reference.hpp
/home/mario/Desktop/arrow/cpp/src/arrow/io/util_internal.h
/home/mario/Desktop/arrow/cpp/boost_ep-prefix/src/boost_ep/boost/mpl/aux_/na_spec.hpp
/home/mario/Desktop/arrow/cpp/boost_ep-prefix/src/boost_ep/boost/mpl/aux_/config/has_xxx.hpp
/home/mario/Desktop/arrow/cpp/boost_ep-prefix/src/boost_ep/boost/type_traits/is_convertible.hpp
/home/mario/Desktop/arrow/cpp/boost_ep-prefix/src/boost_ep/boost/mpl/aux_/yes_no.hpp
/home/mario/Desktop/arrow/cpp/boost_ep-prefix/src/boost_ep/boost/smart_ptr/detail/operator_bool.hpp
/home/mario/Desktop/arrow/cpp/src/arrow/scalar.h
/home/mario/Desktop/arrow/cpp/boost_ep-prefix/src/boost_ep/boost/mpl/aux_/preprocessed/gcc/equal_to.hpp
/home/mario/Desktop/arrow/cpp/boost_ep-prefix/src/boost_ep/boost/mpl/integral_c_fwd.hpp
/home/mario/Desktop/arrow/cpp/src/arrow/util/bitmap_builders.cc
/home/mario/Desktop/arrow/cpp/boost_ep-prefix/src/boost_ep/boost/type_traits/add_lvalue_reference.hpp
/home/mario/Desktop/arrow/cpp/boost_ep-prefix/src/boost_ep/boost/exception/exception.hpp
/home/mario/Desktop/arrow/cpp/src/arrow/util/functional.h
/home/mario/Desktop/arrow/cpp/src/arrow/array/builder_primitive.h
/home/mario/Desktop/arrow/cpp/src/arrow/array/array_decimal.h
/home/mario/Desktop/arrow/cpp/thrift_ep-install/include/thrift/TOutput.h
/home/mario/Desktop/arrow/cpp/boost_ep-prefix/src/boost_ep/boost/mpl/tag.hpp
/home/mario/Desktop/arrow/cpp/boost_ep-prefix/src/boost_ep/boost/mpl/bool.hpp
/home/mario/Desktop/arrow/cpp/boost_ep-prefix/src/boost_ep/boost/numeric/conversion/sign_mixture_enum.hpp
/home/mario/Desktop/arrow/cpp/src/arrow/io/concurrency.h
/home/mario/Desktop/arrow/cpp/boost_ep-prefix/src/boost_ep/boost/preprocessor/repetition/enum_params.hpp
/home/mario/Desktop/arrow/cpp/boost_ep-prefix/src/boost_ep/boost/preprocessor/list/detail/fold_right.hpp
/home/mario/Desktop/arrow/cpp/src/arrow/util/spaced.h
/home/mario/Desktop/arrow/cpp/src/arrow/array/array_primitive.h
/home/mario/Desktop/arrow/cpp/boost_ep-prefix/src/boost_ep/boost/config/detail/select_platform_config.hpp
/home/mario/Desktop/arrow/cpp/src/arrow/array/array_nested.cc
/home/mario/Desktop/arrow/cpp/boost_ep-prefix/src/boost_ep/boost/mpl/aux_/config/lambda.hpp
/home/mario/Desktop/arrow/cpp/boost_ep-prefix/src/boost_ep/boost/mpl/bool_fwd.hpp
/home/mario/Desktop/arrow/cpp/boost_ep-prefix/src/boost_ep/boost/mpl/aux_/has_tag.hpp
/home/mario/Desktop/arrow/cpp/src/parquet/encryption.h
/home/mario/Desktop/arrow/cpp/src/arrow/type_traits.h
/home/mario/Desktop/arrow/cpp/src/arrow/array/array_base.h
/home/mario/Desktop/arrow/cpp/boost_ep-prefix/src/boost_ep/boost/mpl/aux_/type_wrapper.hpp
/home/mario/Desktop/arrow/cpp/boost_ep-prefix/src/boost_ep/boost/preprocessor/tuple/elem.hpp
/home/mario/Desktop/arrow/cpp/src/parquet/metadata.h
/home/mario/Desktop/arrow/cpp/boost_ep-prefix/src/boost_ep/boost/type_traits/is_complete.hpp
/home/mario/Desktop/arrow/cpp/boost_ep-prefix/src/boost_ep/boost/preprocessor/list/detail/fold_left.hpp
/home/mario/Desktop/arrow/cpp/src/arrow/array/builder_dict.cc
/home/mario/Desktop/arrow/cpp/src/arrow/array/builder_union.h
/home/mario/Desktop/arrow/cpp/src/arrow/pretty_print.h
/home/mario/Desktop/arrow/cpp/src/arrow/util/byte_stream_split.h
/home/mario/Desktop/arrow/cpp/boost_ep-prefix/src/boost_ep/boost/mpl/aux_/arity.hpp
/home/mario/Desktop/arrow/cpp/src/arrow/device.h
/home/mario/Desktop/arrow/cpp/src/arrow/util/compression.h
/home/mario/Desktop/arrow/cpp/boost_ep-prefix/src/boost_ep/boost/mpl/aux_/nested_type_wknd.hpp
/home/mario/Desktop/arrow/cpp/boost_ep-prefix/src/boost_ep/boost/preprocessor/logical/and.hpp
/home/mario/Desktop/arrow/cpp/boost_ep-prefix/src/boost_ep/boost/mpl/eval_if.hpp
/home/mario/Desktop/arrow/cpp/src/arrow/vendored/xxhash/xxhash.h
/home/mario/Desktop/arrow/cpp/src/arrow/util/utf8.h
/home/mario/Desktop/arrow/cpp/src/parquet/api/io.h
/home/mario/Desktop/arrow/cpp/boost_ep-prefix/src/boost_ep/boost/limits.hpp
/home/mario/Desktop/arrow/cpp/src/arrow/util/macros.h
/home/mario/Desktop/arrow/cpp/boost_ep-prefix/src/boost_ep/boost/mpl/aux_/is_msvc_eti_arg.hpp
/home/mario/Desktop/arrow/cpp/boost_ep-prefix/src/boost_ep/boost/mpl/aux_/msvc_never_true.hpp
/home/mario/Desktop/arrow/cpp/boost_ep-prefix/src/boost_ep/boost/type_traits/is_integral.hpp
/home/mario/Desktop/arrow/cpp/boost_ep-prefix/src/boost_ep/boost/type_traits/is_reference.hpp
/home/mario/Desktop/arrow/cpp/boost_ep-prefix/src/boost_ep/boost/mpl/integral_c_tag.hpp
/home/mario/Desktop/arrow/cpp/boost_ep-prefix/src/boost_ep/boost/mpl/aux_/config/has_apply.hpp
/home/mario/Desktop/arrow/cpp/boost_ep-prefix/src/boost_ep/boost/type_traits/is_function.hpp
/home/mario/Desktop/arrow/cpp/src/arrow/array/validate.h
/home/mario/Desktop/arrow/cpp/boost_ep-prefix/src/boost_ep/boost/preprocessor/cat.hpp
/home/mario/Desktop/arrow/cpp/boost_ep-prefix/src/boost_ep/boost/type_traits/is_void.hpp
/home/mario/Desktop/arrow/cpp/boost_ep-prefix/src/boost_ep/boost/preprocessor/punctuation/comma.hpp
/home/mario/Desktop/arrow/cpp/boost_ep-prefix/src/boost_ep/boost/numeric/conversion/detail/sign_mixture.hpp
/home/mario/Desktop/arrow/cpp/src/arrow/array/builder_nested.cc
/home/mario/Desktop/arrow/cpp/boost_ep-prefix/src/boost_ep/boost/preprocessor/logical/bool.hpp
/home/mario/Desktop/arrow/cpp/boost_ep-prefix/src/boost_ep/boost/preprocessor/control/detail/while.hpp
/home/mario/Desktop/arrow/cpp/src/arrow/array/array_decimal.cc
/home/mario/Desktop/arrow/cpp/src/arrow/chunked_array.h
/home/mario/Desktop/arrow/cpp/src/parquet/column_reader.cc
/home/mario/Desktop/arrow/cpp/boost_ep-prefix/src/boost_ep/boost/type_traits/declval.hpp
/home/mario/Desktop/arrow/cpp/src/arrow/vendored/xxhash/xxhash.c
/home/mario/Desktop/arrow/cpp/boost_ep-prefix/src/boost_ep/boost/type_traits/detail/is_function_cxx_11.hpp
/home/mario/Desktop/arrow/cpp/src/parquet/types.h
/home/mario/Desktop/arrow/cpp/boost_ep-prefix/src/boost_ep/boost/mpl/has_xxx.hpp
/home/mario/Desktop/arrow/cpp/boost_ep-prefix/src/boost_ep/boost/type_traits/is_same.hpp
/home/mario/Desktop/arrow/cpp/src/arrow/util/bit_run_reader.cc
/home/mario/Desktop/arrow/cpp/boost_ep-prefix/src/boost_ep/boost/numeric/conversion/detail/is_subranged.hpp
/home/mario/Desktop/arrow/cpp/boost_ep-prefix/src/boost_ep/boost/mpl/aux_/config/ctps.hpp
/home/mario/Desktop/arrow/cpp/boost_ep-prefix/src/boost_ep/boost/mpl/aux_/lambda_arity_param.hpp
/home/mario/Desktop/arrow/cpp/boost_ep-prefix/src/boost_ep/boost/config/no_tr1/cmath.hpp
/home/mario/Desktop/arrow/cpp/src/arrow/vendored/xxhash.h
/home/mario/Desktop/arrow/cpp/boost_ep-prefix/src/boost_ep/boost/mpl/aux_/config/msvc.hpp
/home/mario/Desktop/arrow/cpp/boost_ep-prefix/src/boost_ep/boost/preprocessor/arithmetic/inc.hpp
/home/mario/Desktop/arrow/cpp/src/arrow/stl_allocator.h
/home/mario/Desktop/arrow/cpp/boost_ep-prefix/src/boost_ep/boost/current_function.hpp
/home/mario/Desktop/arrow/cpp/src/arrow/util/time.h
/home/mario/Desktop/arrow/cpp/boost_ep-prefix/src/boost_ep/boost/config/user.hpp
/home/mario/Desktop/arrow/cpp/src/parquet/thrift_internal.h
/home/mario/Desktop/arrow/cpp/src/arrow/vendored/datetime/date.h
/home/mario/Desktop/arrow/cpp/boost_ep-prefix/src/boost_ep/boost/preprocessor/array/elem.hpp
/home/mario/Desktop/arrow/cpp/src/arrow/vendored/strptime.h
/home/mario/Desktop/arrow/cpp/src/arrow/array/array_nested.h
/home/mario/Desktop/arrow/cpp/boost_ep-prefix/src/boost_ep/boost/core/enable_if.hpp
/home/mario/Desktop/arrow/cpp/src/arrow/io/caching.h
/home/mario/Desktop/arrow/cpp/src/arrow/util/future.h
/home/mario/Desktop/arrow/cpp/boost_ep-prefix/src/boost_ep/boost/mpl/aux_/include_preprocessed.hpp
/home/mario/Desktop/arrow/cpp/boost_ep-prefix/src/boost_ep/boost/mpl/aux_/config/msvc_typename.hpp
/home/mario/Desktop/arrow/cpp/boost_ep-prefix/src/boost_ep/boost/mpl/aux_/config/intel.hpp
/home/mario/Desktop/arrow/cpp/thrift_ep-install/include/thrift/protocol/TBinaryProtocol.tcc
/home/mario/Desktop/arrow/cpp/src/arrow/array/concatenate.h
/home/mario/Desktop/arrow/cpp/src/arrow/status.h
/home/mario/Desktop/arrow/cpp/src/arrow/util/string_builder.cc
/home/mario/Desktop/arrow/cpp/src/arrow/util/formatting.h
/home/mario/Desktop/arrow/cpp/boost_ep-prefix/src/boost_ep/boost/config/stdlib/libstdcpp3.hpp
/home/mario/Desktop/arrow/cpp/src/parquet/column_scanner.cc
/home/mario/Desktop/arrow/cpp/boost_ep-prefix/src/boost_ep/boost/preprocessor/empty.hpp
/home/mario/Desktop/arrow/cpp/src/parquet/internal_file_decryptor.cc
/home/mario/Desktop/arrow/cpp/boost_ep-prefix/src/boost_ep/boost/mpl/aux_/preprocessor/params.hpp
/home/mario/Desktop/arrow/cpp/src/arrow/compute/cast.h
/home/mario/Desktop/arrow/cpp/boost_ep-prefix/src/boost_ep/boost/assert.hpp
/home/mario/Desktop/arrow/cpp/src/arrow/util/vector.h
/home/mario/Desktop/arrow/cpp/boost_ep-prefix/src/boost_ep/boost/preprocessor/control/while.hpp
/home/mario/Desktop/arrow/cpp/boost_ep-prefix/src/boost_ep/boost/mpl/aux_/config/static_constant.hpp
/home/mario/Desktop/arrow/cpp/src/parquet/column_page.h
/home/mario/Desktop/arrow/cpp/src/arrow/visitor.h
/home/mario/Desktop/arrow/cpp/boost_ep-prefix/src/boost_ep/boost/utility/enable_if.hpp
/home/mario/Desktop/arrow/cpp/src/arrow/util/make_unique.h
/home/mario/Desktop/arrow/cpp/boost_ep-prefix/src/boost_ep/boost/mpl/aux_/na.hpp
/home/mario/Desktop/arrow/cpp/boost_ep-prefix/src/boost_ep/boost/numeric/conversion/bounds.hpp
/home/mario/Desktop/arrow/cpp/thrift_ep-install/include/thrift/transport/TTransportException.h
/home/mario/Desktop/arrow/cpp/thrift_ep-install/include/thrift/stdcxx.h
/home/mario/Desktop/arrow/cpp/boost_ep-prefix/src/boost_ep/boost/numeric/conversion/udt_builtin_mixture_enum.hpp
/home/mario/Desktop/arrow/cpp/boost_ep-prefix/src/boost_ep/boost/type_traits/integral_constant.hpp
/home/mario/Desktop/arrow/cpp/boost_ep-prefix/src/boost_ep/boost/mpl/aux_/config/adl.hpp
/home/mario/Desktop/arrow/cpp/src/arrow/util/compare.h
/home/mario/Desktop/arrow/cpp/src/arrow/array/builder_binary.h
/home/mario/Desktop/arrow/cpp/src/arrow/util/key_value_metadata.h
/home/mario/Desktop/arrow/cpp/boost_ep-prefix/src/boost_ep/boost/type_traits/is_arithmetic.hpp
/home/mario/Desktop/arrow/cpp/src/parquet/properties.h
/home/mario/Desktop/arrow/cpp/boost_ep-prefix/src/boost_ep/boost/preprocessor/config/config.hpp
/home/mario/Desktop/arrow/cpp/boost_ep-prefix/src/boost_ep/boost/config.hpp
/home/mario/Desktop/arrow/cpp/src/arrow/util/memory.h
/home/mario/Desktop/arrow/cpp/boost_ep-prefix/src/boost_ep/boost/numeric/conversion/detail/meta.hpp
/home/mario/Desktop/arrow/cpp/src/arrow/array/dict_internal.h
/home/mario/Desktop/arrow/cpp/src/arrow/array/util.h
/home/mario/Desktop/arrow/cpp/src/arrow/array/array_primitive.cc
/home/mario/Desktop/arrow/cpp/boost_ep-prefix/src/boost_ep/boost/mpl/aux_/preprocessed/gcc/less.hpp
/home/mario/Desktop/arrow/cpp/src/arrow/util/bpacking_default.h
/home/mario/Desktop/arrow/cpp/src/arrow/array.h
/home/mario/Desktop/arrow/cpp/src/arrow/util/type_fwd.h
/home/mario/Desktop/arrow/cpp/boost_ep-prefix/src/boost_ep/boost/config/compiler/gcc.hpp
/home/mario/Desktop/arrow/cpp/boost_ep-prefix/src/boost_ep/boost/mpl/multiplies.hpp
/home/mario/Desktop/arrow/cpp/src/arrow/util/rle_encoding.h
/home/mario/Desktop/arrow/cpp/src/arrow/compute/kernels/codegen_internal.h
/home/mario/Desktop/arrow/cpp/src/arrow/array/builder_adaptive.cc
/home/mario/Desktop/arrow/cpp/src/arrow/datum.h
/home/mario/Desktop/arrow/cpp/boost_ep-prefix/src/boost_ep/boost/type_traits/add_rvalue_reference.hpp
/home/mario/Desktop/arrow/cpp/boost_ep-prefix/src/boost_ep/boost/static_assert.hpp
/home/mario/Desktop/arrow/cpp/boost_ep-prefix/src/boost_ep/boost/preprocessor/tuple/rem.hpp
/home/mario/Desktop/arrow/cpp/boost_ep-prefix/src/boost_ep/boost/scoped_array.hpp
/home/mario/Desktop/arrow/cpp/src/arrow/util/bit_block_counter.h
/home/mario/Desktop/arrow/cpp/src/arrow/compute/exec_internal.h
/home/mario/Desktop/arrow/cpp/boost_ep-prefix/src/boost_ep/boost/mpl/aux_/preprocessor/enum.hpp
/home/mario/Desktop/arrow/cpp/thrift_ep-install/include/thrift/transport/TBufferTransports.h
/home/mario/Desktop/arrow/cpp/src/arrow/util/bit_stream_utils.h
/home/mario/Desktop/arrow/cpp/src/arrow/compute/api_aggregate.h
/home/mario/Desktop/arrow/cpp/boost_ep-prefix/src/boost_ep/boost/preprocessor/arithmetic/add.hpp
/home/mario/Desktop/arrow/cpp/boost_ep-prefix/src/boost_ep/boost/mpl/not.hpp
/home/mario/Desktop/arrow/cpp/boost_ep-prefix/src/boost_ep/boost/preprocessor/comma_if.hpp
/home/mario/Desktop/arrow/cpp/src/arrow/array/data.h
/home/mario/Desktop/arrow/cpp/src/arrow/result.h
/home/mario/Desktop/arrow/cpp/boost_ep-prefix/src/boost_ep/boost/mpl/int_fwd.hpp
/home/mario/Desktop/arrow/cpp/boost_ep-prefix/src/boost_ep/boost/numeric/conversion/detail/preprocessed/numeric_cast_traits_common.hpp
/home/mario/Desktop/arrow/cpp/src/arrow/util/align_util.h
/home/mario/Desktop/arrow/cpp/src/arrow/array/builder_base.h
/home/mario/Desktop/arrow/cpp/src/arrow/buffer_builder.h
/home/mario/Desktop/arrow/cpp/boost_ep-prefix/src/boost_ep/boost/preprocessor/list/fold_right.hpp
/home/mario/Desktop/arrow/cpp/boost_ep-prefix/src/boost_ep/boost/mpl/aux_/preprocessed/gcc/and.hpp
/home/mario/Desktop/arrow/cpp/src/arrow/util/string_view.h
/home/mario/Desktop/arrow/cpp/boost_ep-prefix/src/boost_ep/boost/preprocessor/list/fold_left.hpp
/home/mario/Desktop/arrow/cpp/boost_ep-prefix/src/boost_ep/boost/mpl/aux_/arithmetic_op.hpp
/home/mario/Desktop/arrow/cpp/boost_ep-prefix/src/boost_ep/boost/numeric/conversion/cast.hpp
/home/mario/Desktop/arrow/cpp/src/arrow/util/checked_cast.h
/home/mario/Desktop/arrow/cpp/src/arrow/util/ubsan.h
/home/mario/Desktop/arrow/cpp/boost_ep-prefix/src/boost_ep/boost/mpl/aux_/value_wknd.hpp
/home/mario/Desktop/arrow/cpp/boost_ep-prefix/src/boost_ep/boost/preprocessor/arithmetic/sub.hpp
/home/mario/Desktop/arrow/cpp/boost_ep-prefix/src/boost_ep/boost/mpl/less.hpp
/home/mario/Desktop/arrow/cpp/src/arrow/util/string_builder.h
/home/mario/Desktop/arrow/cpp/src/arrow/compute/api_scalar.cc
/home/mario/Desktop/arrow/cpp/src/parquet/platform.h
/home/mario/Desktop/arrow/cpp/src/parquet/windows_compatibility.h
/home/mario/Desktop/arrow/cpp/boost_ep-prefix/src/boost_ep/boost/preprocessor/array/size.hpp
/home/mario/Desktop/arrow/cpp/src/parquet/internal_file_decryptor.h
/home/mario/Desktop/arrow/cpp/boost_ep-prefix/src/boost_ep/boost/numeric/conversion/detail/bounds.hpp
/home/mario/Desktop/arrow/cpp/src/parquet/api/reader.h
/home/mario/Desktop/arrow/cpp/src/arrow/util/sort.h
/home/mario/Desktop/arrow/cpp/boost_ep-prefix/src/boost_ep/boost/numeric/conversion/detail/conversion_traits.hpp
/home/mario/Desktop/arrow/cpp/src/arrow/vendored/utf8cpp/checked.h
/home/mario/Desktop/arrow/cpp/src/parquet/exception.h
/home/mario/Desktop/arrow/cpp/src/arrow/array/builder_decimal.cc
/home/mario/Desktop/arrow/cpp/boost_ep-prefix/src/boost_ep/boost/mpl/aux_/config/use_preprocessed.hpp
/home/mario/Desktop/arrow/cpp/boost_ep-prefix/src/boost_ep/boost/preprocessor/array/data.hpp
/home/mario/Desktop/arrow/cpp/src/generated/parquet_types.h
/home/mario/Desktop/arrow/cpp/boost_ep-prefix/src/boost_ep/boost/mpl/void.hpp
/home/mario/Desktop/arrow/cpp/src/arrow/vendored/utf8cpp/core.h
/home/mario/Desktop/arrow/cpp/src/arrow/compute/util_internal.h
/home/mario/Desktop/arrow/cpp/src/arrow/io/interfaces.h
/home/mario/Desktop/arrow/cpp/boost_ep-prefix/src/boost_ep/boost/mpl/aux_/numeric_cast_utils.hpp
/home/mario/Desktop/arrow/cpp/src/arrow/array/builder_binary.cc
/home/mario/Desktop/arrow/cpp/thrift_ep-install/include/thrift/protocol/TVirtualProtocol.h
/home/mario/Desktop/arrow/cpp/boost_ep-prefix/src/boost_ep/boost/type_traits/remove_reference.hpp
/home/mario/Desktop/arrow/cpp/src/arrow/util/key_value_metadata.cc
/home/mario/Desktop/arrow/cpp/src/arrow/record_batch.h
/home/mario/Desktop/arrow/cpp/boost_ep-prefix/src/boost_ep/boost/mpl/if.hpp
/home/mario/Desktop/arrow/cpp/boost_ep-prefix/src/boost_ep/boost/config/detail/suffix.hpp
/home/mario/Desktop/arrow/cpp/boost_ep-prefix/src/boost_ep/boost/preprocessor/identity.hpp
/home/mario/Desktop/arrow/cpp/thrift_ep-install/include/thrift/protocol/TDebugProtocol.h
/home/mario/Desktop/arrow/cpp/boost_ep-prefix/src/boost_ep/boost/preprocessor/list/reverse.hpp
/home/mario/Desktop/arrow/cpp/src/arrow/io/buffered.h
/home/mario/Desktop/arrow/cpp/thrift_ep-install/include/thrift/config.h
/home/mario/Desktop/arrow/cpp/src/arrow/tensor.h
/home/mario/Desktop/arrow/cpp/src/arrow/compute/api_vector.cc
/home/mario/Desktop/arrow/cpp/boost_ep-prefix/src/boost_ep/boost/preprocessor/variadic/elem.hpp
/home/mario/Desktop/arrow/cpp/src/arrow/util/windows_compatibility.h
/home/mario/Desktop/arrow/cpp/src/arrow/array/builder_decimal.h
/home/mario/Desktop/arrow/cpp/boost_ep-prefix/src/boost_ep/boost/mpl/aux_/config/forwarding.hpp
/home/mario/Desktop/arrow/cpp/src/arrow/util/bit_run_reader.h
/home/mario/Desktop/arrow/cpp/src/arrow/io/memory.h
/home/mario/Desktop/arrow/cpp/boost_ep-prefix/src/boost_ep/boost/preprocessor/repeat.hpp
/home/mario/Desktop/arrow/cpp/src/arrow/util/bitmap_builders.h
/home/mario/Desktop/arrow/cpp/src/parquet/file_writer.h
/home/mario/Desktop/arrow/cpp/boost_ep-prefix/src/boost_ep/boost/config/workaround.hpp
/home/mario/Desktop/arrow/cpp/boost_ep-prefix/src/boost_ep/boost/mpl/integral_c.hpp
/home/mario/Desktop/arrow/cpp/src/arrow/util/simd.h
/home/mario/Desktop/arrow/cpp/boost_ep-prefix/src/boost_ep/boost/mpl/aux_/integral_wrapper.hpp
/home/mario/Desktop/arrow/cpp/thrift_ep-install/include/thrift/transport/TVirtualTransport.h
/home/mario/Desktop/arrow/cpp/boost_ep-prefix/src/boost_ep/boost/preprocessor/detail/check.hpp
/home/mario/Desktop/arrow/cpp/boost_ep-prefix/src/boost_ep/boost/preprocessor/logical/compl.hpp
/home/mario/Desktop/arrow/cpp/boost_ep-prefix/src/boost_ep/boost/mpl/aux_/comparison_op.hpp
/home/mario/Desktop/arrow/cpp/boost_ep-prefix/src/boost_ep/boost/preprocessor/repetition/enum_trailing_params.hpp
/home/mario/Desktop/arrow/cpp/src/arrow/util/bit_block_counter.cc
/home/mario/Desktop/arrow/cpp/boost_ep-prefix/src/boost_ep/boost/mpl/aux_/config/arrays.hpp
/home/mario/Desktop/arrow/cpp/boost_ep-prefix/src/boost_ep/boost/preprocessor/debug/error.hpp
/home/mario/Desktop/arrow/cpp/boost_ep-prefix/src/boost_ep/boost/numeric/conversion/converter_policies.hpp
/home/mario/Desktop/arrow/cpp/thrift_ep-install/include/thrift/Thrift.h
/home/mario/Desktop/arrow/cpp/src/arrow/compute/api_aggregate.cc
/home/mario/Desktop/arrow/cpp/src/arrow/compute/exec.h
/home/mario/Desktop/arrow/cpp/boost_ep-prefix/src/boost_ep/boost/type_traits/is_abstract.hpp
/home/mario/Desktop/arrow/cpp/src/arrow/array/builder_nested.h
/home/mario/Desktop/arrow/cpp/src/parquet/statistics.h
/home/mario/Desktop/arrow/cpp/thrift_ep-install/include/thrift/protocol/TCompactProtocol.h
/home/mario/Desktop/arrow/cpp/src/arrow/memory_pool.h
/home/mario/Desktop/arrow/cpp/boost_ep-prefix/src/boost_ep/boost/preprocessor/control/expr_iif.hpp
/home/mario/Desktop/arrow/cpp/src/parquet/api/writer.h
/home/mario/Desktop/arrow/cpp/src/arrow/type.h
/home/mario/Desktop/arrow/cpp/src/arrow/array/array_binary.cc
/home/mario/Desktop/arrow/cpp/src/parquet/schema_internal.h
/home/mario/Desktop/arrow/cpp/src/arrow/util/hash_util.h
/home/mario/Desktop/arrow/cpp/boost_ep-prefix/src/boost_ep/boost/mpl/aux_/config/overload_resolution.hpp
/home/mario/Desktop/arrow/cpp/boost_ep-prefix/src/boost_ep/boost/type.hpp
/home/mario/Desktop/arrow/cpp/src/arrow/visitor_inline.h
/home/mario/Desktop/arrow/cpp/src/arrow/util/bitmap_generate.h
/home/mario/Desktop/arrow/cpp/thrift_ep-install/include/thrift/TBase.h
/home/mario/Desktop/arrow/cpp/src/arrow/array/builder_dict.h
/home/mario/Desktop/arrow/cpp/src/arrow/util/bitmap_writer.h
/home/mario/Desktop/arrow/cpp/src/parquet/column_writer.h
/home/mario/Desktop/arrow/cpp/src/arrow/util/basic_decimal.cc
/home/mario/Desktop/arrow/cpp/thrift_ep-install/include/thrift/protocol/TProtocolException.h
/home/mario/Desktop/arrow/cpp/boost_ep-prefix/src/boost_ep/boost/throw_exception.hpp
/home/mario/Desktop/arrow/cpp/src/arrow/util/thread_pool.h
/home/mario/Desktop/arrow/cpp/boost_ep-prefix/src/boost_ep/boost/numeric/conversion/detail/udt_builtin_mixture.hpp
/home/mario/Desktop/arrow/cpp/boost_ep-prefix/src/boost_ep/boost/preprocessor/punctuation/comma_if.hpp
/home/mario/Desktop/arrow/cpp/src/arrow/vendored/datetime/tz.h
/home/mario/Desktop/arrow/cpp/boost_ep-prefix/src/boost_ep/boost/mpl/aux_/config/integral.hpp
/home/mario/Desktop/arrow/cpp/boost_ep-prefix/src/boost_ep/boost/preprocessor/detail/auto_rec.hpp
/home/mario/Desktop/arrow/cpp/thrift_ep-install/include/thrift/transport/PlatformSocket.h
/home/mario/Desktop/arrow/cpp/src/arrow/util/string.h
/home/mario/Desktop/arrow/cpp/src/arrow/util/hashing.h
/home/mario/Desktop/arrow/cpp/src/parquet/encryption_internal.cc
/home/mario/Desktop/arrow/cpp/src/arrow/util/range.h
/home/mario/Desktop/arrow/cpp/src/arrow/sparse_tensor.h
/home/mario/Desktop/arrow/cpp/src/arrow/util/windows_fixup.h
/home/mario/Desktop/arrow/cpp/boost_ep-prefix/src/boost_ep/boost/preprocessor/tuple/eat.hpp
/home/mario/Desktop/arrow/cpp/src/arrow/util/value_parsing.h
/home/mario/Desktop/arrow/cpp/src/arrow/extension_type.cc
/home/mario/Desktop/arrow/cpp/src/arrow/util/visibility.h
/home/mario/Desktop/arrow/cpp/src/arrow/array/array_binary.h
/home/mario/Desktop/arrow/cpp/src/arrow/io/type_fwd.h
/home/mario/Desktop/arrow/cpp/src/arrow/compute/function.h
/home/mario/Desktop/arrow/cpp/boost_ep-prefix/src/boost_ep/boost/mpl/aux_/largest_int.hpp
/home/mario/Desktop/arrow/cpp/boost_ep-prefix/src/boost_ep/boost/smart_ptr/detail/sp_noexcept.hpp
/home/mario/Desktop/arrow/cpp/boost_ep-prefix/src/boost_ep/boost/preprocessor/tuple/detail/is_single_return.hpp
/home/mario/Desktop/arrow/cpp/boost_ep-prefix/src/boost_ep/boost/checked_delete.hpp
/home/mario/Desktop/arrow/cpp/boost_ep-prefix/src/boost_ep/boost/preprocessor/variadic/size.hpp
/home/mario/Desktop/arrow/cpp/boost_ep-prefix/src/boost_ep/boost/numeric/conversion/detail/converter.hpp
/home/mario/Desktop/arrow/cpp/src/arrow/util/optional.h
/home/mario/Desktop/arrow/cpp/boost_ep-prefix/src/boost_ep/boost/preprocessor/control/if.hpp
/home/mario/Desktop/arrow/cpp/boost_ep-prefix/src/boost_ep/boost/smart_ptr/scoped_array.hpp
/home/mario/Desktop/arrow/cpp/src/parquet/api/schema.h
/home/mario/Desktop/arrow/cpp/boost_ep-prefix/src/boost_ep/boost/mpl/aux_/preprocessed/gcc/times.hpp
/home/mario/Desktop/arrow/cpp/src/arrow/compute/cast_internal.h
/home/mario/Desktop/arrow/cpp/src/arrow/compare.h
/home/mario/Desktop/arrow/cpp/src/arrow/util/cpu_info.h
/home/mario/Desktop/arrow/cpp/boost_ep-prefix/src/boost_ep/boost/mpl/int.hpp
/home/mario/Desktop/arrow/cpp/src/arrow/array/builder_union.cc
/home/mario/Desktop/arrow/cpp/boost_ep-prefix/src/boost_ep/boost/numeric/conversion/int_float_mixture_enum.hpp
/home/mario/Desktop/arrow/cpp/boost_ep-prefix/src/boost_ep/boost/preprocessor/logical/bitand.hpp
/home/mario/Desktop/arrow/cpp/boost_ep-prefix/src/boost_ep/boost/preprocessor/detail/is_binary.hpp
/home/mario/Desktop/arrow/cpp/src/parquet/internal_file_encryptor.cc
/home/mario/Desktop/arrow/cpp/src/parquet/encryption_internal.h
/home/mario/Desktop/arrow/cpp/thrift_ep-install/include/thrift/TApplicationException.h
/home/mario/Desktop/arrow/cpp/boost_ep-prefix/src/boost_ep/boost/smart_ptr/detail/sp_nullptr_t.hpp
/home/mario/Desktop/arrow/cpp/src/parquet/deprecated_io.cc
/home/mario/Desktop/arrow/cpp/src/arrow/compute/api_vector.h
/home/mario/Desktop/arrow/cpp/src/arrow/util/bitmap_reader.h
/home/mario/Desktop/arrow/cpp/boost_ep-prefix/src/boost_ep/boost/version.hpp
/home/mario/Desktop/arrow/cpp/boost_ep-prefix/src/boost_ep/boost/mpl/aux_/numeric_op.hpp
/home/mario/Desktop/arrow/cpp/boost_ep-prefix/src/boost_ep/boost/numeric/conversion/detail/numeric_cast_traits.hpp
/home/mario/Desktop/arrow/cpp/boost_ep-prefix/src/boost_ep/boost/preprocessor/repetition/repeat.hpp
/home/mario/Desktop/arrow/cpp/src/arrow/compute/registry_internal.h
/home/mario/Desktop/arrow/cpp/src/parquet/encoding.h
/home/mario/Desktop/arrow/cpp/boost_ep-prefix/src/boost_ep/boost/mpl/aux_/preprocessor/default_params.hpp
/home/mario/Desktop/arrow/cpp/src/arrow/compute/api_scalar.h
/home/mario/Desktop/arrow/cpp/boost_ep-prefix/src/boost_ep/boost/detail/workaround.hpp
/home/mario/Desktop/arrow/cpp/src/arrow/util/atomic_shared_ptr.h
/home/mario/Desktop/arrow/cpp/boost_ep-prefix/src/boost_ep/boost/cstdint.hpp
/home/mario/Desktop/arrow/cpp/boost_ep-prefix/src/boost_ep/boost/type_traits/detail/yes_no_type.hpp
/home/mario/Desktop/arrow/cpp/boost_ep-prefix/src/boost_ep/boost/type_traits/is_array.hpp
/home/mario/Desktop/arrow/cpp/boost_ep-prefix/src/boost_ep/boost/mpl/void_fwd.hpp
/home/mario/Desktop/arrow/cpp/boost_ep-prefix/src/boost_ep/boost/mpl/aux_/config/preprocessor.hpp
/home/mario/Desktop/arrow/cpp/boost_ep-prefix/src/boost_ep/boost/core/checked_delete.hpp
/home/mario/Desktop/arrow/cpp/src/arrow/builder.h
/home/mario/Desktop/arrow/cpp/boost_ep-prefix/src/boost_ep/boost/mpl/limits/arity.hpp
/home/mario/Desktop/arrow/cpp/boost_ep-prefix/src/boost_ep/boost/preprocessor/facilities/overload.hpp
/home/mario/Desktop/arrow/cpp/src/arrow/util/type_traits.h
/home/mario/Desktop/arrow/cpp/src/arrow/vendored/datetime.h
/home/mario/Desktop/arrow/cpp/boost_ep-prefix/src/boost_ep/boost/mpl/aux_/na_fwd.hpp
/home/mario/Desktop/arrow/cpp/src/parquet/deprecated_io.h
/home/mario/Desktop/arrow/cpp/boost_ep-prefix/src/boost_ep/boost/preprocessor/list/adt.hpp
/home/mario/Desktop/arrow/cpp/src/arrow/vendored/xxhash/xxh3.h
/home/mario/Desktop/arrow/cpp/boost_ep-prefix/src/boost_ep/boost/config/platform/linux.hpp
/home/mario/Desktop/arrow/cpp/boost_ep-prefix/src/boost_ep/boost/mpl/equal_to.hpp
/home/mario/Desktop/arrow/cpp/src/arrow/util/bitmap_ops.h
/home/mario/Desktop/arrow/cpp/thrift_ep-install/include/thrift/protocol/TCompactProtocol.tcc
/home/mario/Desktop/arrow/cpp/boost_ep-prefix/src/boost_ep/boost/config/detail/select_compiler_config.hpp
/home/mario/Desktop/arrow/cpp/boost_ep-prefix/src/boost_ep/boost/type_traits/remove_cv.hpp
/home/mario/Desktop/arrow/cpp/boost_ep-prefix/src/boost_ep/boost/type_traits/detail/config.hpp
/home/mario/Desktop/arrow/cpp/boost_ep-prefix/src/boost_ep/boost/mpl/aux_/config/workaround.hpp
/home/mario/Desktop/arrow/cpp/src/arrow/util/basic_decimal.h
/home/mario/Desktop/arrow/cpp/boost_ep-prefix/src/boost_ep/boost/type_traits/is_floating_point.hpp
/home/mario/Desktop/arrow/cpp/boost_ep-prefix/src/boost_ep/boost/preprocessor/facilities/expand.hpp
/home/mario/Desktop/arrow/cpp/src/arrow/util/logging.h
/home/mario/Desktop/arrow/cpp/thrift_ep-install/include/thrift/protocol/TProtocol.h
/home/mario/Desktop/arrow/cpp/boost_ep-prefix/src/boost_ep/boost/mpl/aux_/config/compiler.hpp
/home/mario/Desktop/arrow/cpp/boost_ep-prefix/src/boost_ep/boost/mpl/lambda_fwd.hpp
/home/mario/Desktop/arrow/cpp/boost_ep-prefix/src/boost_ep/boost/preprocessor/control/iif.hpp
/home/mario/Desktop/arrow/cpp/src/arrow/util/int_util.h
/home/mario/Desktop/arrow/cpp/boost_ep-prefix/src/boost_ep/boost/mpl/aux_/nttp_decl.hpp
/home/mario/Desktop/arrow/cpp/thrift_ep-install/include/thrift/protocol/TBinaryProtocol.h
/home/mario/Desktop/arrow/cpp/boost_ep-prefix/src/boost_ep/boost/numeric/conversion/detail/preprocessed/numeric_cast_traits_long_long.hpp
/home/mario/Desktop/arrow/cpp/src/parquet/column_scanner.h
/home/mario/Desktop/arrow/cpp/boost_ep-prefix/src/boost_ep/boost/mpl/and.hpp
/home/mario/Desktop/arrow/cpp/src/arrow/compute/api.h
/home/mario/Desktop/arrow/cpp/thrift_ep-install/include/thrift/transport/TTransport.h
/home/mario/Desktop/arrow/cpp/src/arrow/util/bit_util.h
/home/mario/Desktop/arrow/cpp/src/parquet/file_reader.h
/home/mario/Desktop/arrow/cpp/boost_ep-prefix/src/boost_ep/boost/mpl/aux_/template_arity_fwd.hpp
/home/mario/Desktop/arrow/cpp/boost_ep-prefix/src/boost_ep/boost/mpl/apply_wrap.hpp
/home/mario/Desktop/arrow/cpp/boost_ep-prefix/src/boost_ep/boost/preprocessor/arithmetic/dec.hpp
/home/mario/Desktop/arrow/cpp/src/parquet/printer.h
/home/mario/Desktop/arrow/cpp/boost_ep-prefix/src/boost_ep/boost/mpl/aux_/config/ttp.hpp
/home/mario/Desktop/arrow/cpp/src/arrow/util/compression.cc
/home/mario/Desktop/arrow/cpp/boost_ep-prefix/src/boost_ep/boost/mpl/times.hpp
/home/mario/Desktop/arrow/cpp/boost_ep-prefix/src/boost_ep/boost/mpl/aux_/config/eti.hpp
/home/mario/Desktop/arrow/cpp/boost_ep-prefix/src/boost_ep/boost/mpl/aux_/has_apply.hpp
/home/mario/Desktop/arrow/cpp/src/arrow/compute/registry.h
/home/mario/Desktop/arrow/cpp/boost_ep-prefix/src/boost_ep/boost/type_traits/intrinsics.hpp
/home/mario/Desktop/arrow/cpp/boost_ep-prefix/src/boost_ep/boost/numeric/conversion/detail/int_float_mixture.hpp
/home/mario/Desktop/arrow/cpp/src/arrow/util/variant.h
/home/mario/Desktop/arrow/cpp/boost_ep-prefix/src/boost_ep/boost/mpl/aux_/preprocessor/def_params_tail.hpp
